make all --print-data-base --no-builtin-variables --no-builtin-rules --question
# GNU Make 4.3
# Built for x86_64-pc-linux-gnu
# Copyright (C) 1988-2020 Free Software Foundation, Inc.
# License GPLv3+: GNU GPL version 3 or later <http://gnu.org/licenses/gpl.html>
# This is free software: you are free to change and redistribute it.
# There is NO WARRANTY, to the extent permitted by law.

# Make data base, printed on Thu Oct 14 08:50:20 2021

# Variables

# environment
GDK_BACKEND = x11
# environment
LC_ALL = C
# environment
NO_AT_BRIDGE = 1
# environment
GTK_RC_FILES = /etc/gtk/gtkrc:/home/lebocqt/.gtkrc:/home/lebocqt/.config/gtkrc
# environment
SNAP_INSTANCE_KEY = 
# environment
VSCODE_IPC_HOOK_EXTHOST = /run/user/1000/vscode-ipc-aed48d8c-5009-4729-af23-cad06ac240cc.sock
# environment
LC_NAME = fr_FR.UTF-8
# environment
LC_NUMERIC = fr_FR.UTF-8
# environment
VSCODE_CWD = /home/lebocqt
# environment
LC_ADDRESS = fr_FR.UTF-8
# default
MAKE_COMMAND := make
# environment
GTK3_MODULES = xapp-gtk3-module
# automatic
@D = $(patsubst %/,%,$(dir $@))
# environment
SNAP_INSTANCE_NAME = code
# environment
GDK_PIXBUF_MODULEDIR = /snap/code/76/usr/lib/x86_64-linux-gnu/gdk-pixbuf-2.0/2.10.0/loaders
# environment
VSCODE_HANDLES_UNCAUGHT_ERRORS = true
# default
.VARIABLES := 
# environment
PWD = /home/lebocqt/Documents/code/cours/intro a la prog/mazeGenerator
# automatic
%D = $(patsubst %/,%,$(dir $%))
# environment
LSCOLORS = Gxfxcxdxbxegedabagacad
# environment
MAIL = /var/spool/mail/lebocqt
# environment
XDG_DATA_DIRS = /home/lebocqt/.local/share/flatpak/exports/share:/var/lib/flatpak/exports/share:/usr/local/share:/usr/share:/var/lib/snapd/desktop
# environment
OLDPWD = /home/lebocqt
# makefile (from 'makefile', line 11)
sources_files := ./lib/menu/menu.c ./lib/BetterTerminal/betterTerminal.c ./lib/mazeHandler/mazeHandler.c ./lib/maze/maze.c ./lib/mazeDisplay/mazeDisplay.c ./lib/mazeSolvingAlgorythms/wallFollower/wallFollower.c ./lib/mazeSolvingAlgorythms/mazeSolvingAlgorythm.c ./lib/rawTerminal/rawTerminal.c ./lib/mazeGenerator/mazeGenerator.c
# automatic
^D = $(patsubst %/,%,$(dir $^))
# environment
VSCODE_LOG_STACK = false
# automatic
%F = $(notdir $%)
# environment
VSCODE_CODE_CACHE_PATH = /home/lebocqt/.config/Code/CachedData/ee8c7def80afc00dd6e593ef12f37756d8f504ea
# environment
XDG_SESSION_PATH = /org/freedesktop/DisplayManager/Session1
# environment
LANG = C
# environment
XAUTHORITY = /home/lebocqt/.Xauthority
# default
.LOADED := 
# default
.INCLUDE_DIRS = /usr/include /usr/local/include /usr/include
# makefile
MAKEFLAGS = pqrR
# makefile
CURDIR := /home/lebocqt/Documents/code/cours/intro a la prog/mazeGenerator
# environment
VSCODE_PIPE_LOGGING = true
# environment
APPLICATION_INSIGHTS_NO_DIAGNOSTIC_CHANNEL = true
# automatic
*D = $(patsubst %/,%,$(dir $*))
# environment
PAM_KWALLET5_LOGIN = /run/user/1000/kwallet5.socket
# environment
MFLAGS = -pqrR
# default
.SHELLFLAGS := -c
# environment
QT_LINUX_ACCESSIBILITY_ALWAYS_ON = 1
# environment
XDG_CONFIG_DIRS = /home/lebocqt/.config/kdedefaults:/etc/xdg
# automatic
+D = $(patsubst %/,%,$(dir $+))
# environment
P9K_SSH = 0
# environment
XCURSOR_THEME = breeze_cursors
# environment
XDG_SESSION_DESKTOP = KDE
# environment
VSCODE_CRASH_REPORTER_START_OPTIONS = {"companyName":"Microsoft","productName":"VSCode","submitURL":"appcenter://code?aid=fba07a4d-84bd-4fc8-a125-9640fc8ce171&uid=dfa495ff-a13b-4ce6-a3a4-f30512226f84&iid=dfa495ff-a13b-4ce6-a3a4-f30512226f84&sid=dfa495ff-a13b-4ce6-a3a4-f30512226f84","uploadToServer":true}
# makefile (from 'makefile', line 1)
MAKEFILE_LIST := makefile
# environment
SNAP_REEXEC = 
# automatic
@F = $(notdir $@)
# environment
ZSH = /home/lebocqt/.oh-my-zsh
# environment
VSCODE_VERBOSE_LOGGING = true
# environment
VSCODE_PID = 30709
# environment
XDG_SESSION_TYPE = x11
# automatic
?D = $(patsubst %/,%,$(dir $?))
# environment
BAMF_DESKTOP_FILE_HINT = /var/lib/snapd/desktop/applications/code_code.desktop
# environment
SESSION_MANAGER = local/laptop-Titouan:@/tmp/.ICE-unix/1100,unix/laptop-Titouan:/tmp/.ICE-unix/1100
# automatic
*F = $(notdir $*)
# environment
CHROME_DESKTOP = code-url-handler.desktop
# environment
DBUS_SESSION_BUS_ADDRESS = unix:path=/run/user/1000/bus
# makefile (from 'makefile', line 7)
LIB = lib/
# automatic
<D = $(patsubst %/,%,$(dir $<))
# environment
VSCODE_NLS_CONFIG = {"locale":"en-us","availableLanguages":{},"_languagePackSupport":true}
# environment
BREAKPAD_DUMP_LOCATION = /home/lebocqt/.config/Code/exthost Crash Reports
# default
MAKE_HOST := x86_64-pc-linux-gnu
# makefile
SHELL = /bin/sh
# default
MAKECMDGOALS := all
# environment
SHLVL = 1
# environment
MAKELEVEL := 0
# default
MAKE = $(MAKE_COMMAND)
# environment
SNAP_COOKIE = XZlGsM956X-Xlt3a_9ImZUFbEbogRdhoPTDBYIk89Mg8EkRH4k2p
# environment
PATH = /home/lebocqt/.local/bin:/home/lebocqt/.local/bin:/usr/local/sbin:/usr/local/bin:/usr/bin:/usr/lib/jvm/default/bin:/usr/bin/site_perl:/usr/bin/vendor_perl:/usr/bin/core_perl:/var/lib/snapd/snap/bin:/usr/lib/jvm/default/bin
# default
MAKEFILES := 
# environment
LC_MONETARY = fr_FR.UTF-8
# environment
MOTD_SHOWN = pam
# automatic
^F = $(notdir $^)
# environment
SNAP_USER_COMMON = /home/lebocqt/snap/code/common
# environment
LC_TIME = fr_FR.UTF-8
# environment
SNAP = /snap/code/76
# environment
SNAP_REVISION = 76
# environment
SNAP_REAL_HOME = /home/lebocqt
# environment
VSCODE_LOG_NATIVE = false
# environment
LC_TELEPHONE = fr_FR.UTF-8
# automatic
?F = $(notdir $?)
# environment
KDE_APPLICATIONS_AS_SCOPE = 1
# environment
XDG_SEAT = seat0
# environment
XDG_CURRENT_DESKTOP = KDE
# environment
LS_COLORS = 
# automatic
+F = $(notdir $+)
# environment
XDG_SEAT_PATH = /org/freedesktop/DisplayManager/Seat0
# environment
LESS = -R
# environment
DESKTOP_SESSION = plasma
# environment
ORIGINAL_XDG_CURRENT_DESKTOP = KDE
# 'override' directive
GNUMAKEFLAGS := 
# environment
BROWSER = /usr/bin/firefox
# environment
LOGNAME = lebocqt
# environment
SNAP_ARCH = amd64
# environment
XDG_VTNR = 1
# makefile
.DEFAULT_GOAL := all
# environment
SYSTEMD_EXEC_PID = 994
# environment
EDITOR = /usr/bin/nano
# environment
DISPLAY = :0
# environment
GTK_MODULES = canberra-gtk-module
# environment
USER = lebocqt
# default
MAKE_VERSION := 4.3
# environment
KDE_SESSION_UID = 1000
# 'override' directive
.SHELLSTATUS := 0
# environment
DISABLE_WAYLAND = 1
# environment
SNAP_DATA = /var/snap/code/76
# environment
SNAP_CONTEXT = XZlGsM956X-Xlt3a_9ImZUFbEbogRdhoPTDBYIk89Mg8EkRH4k2p
# makefile (from 'makefile', line 5)
LDFLAGS = 
# environment
LC_MEASUREMENT = fr_FR.UTF-8
# environment
PAGER = less
# environment
_ = /usr/bin/make
# environment
LC_PAPER = fr_FR.UTF-8
# environment
XDG_RUNTIME_DIR = /run/user/1000
# makefile (from 'makefile', line 4)
CFLAGS = -Wall -O
# environment
GDK_PIXBUF_MODULE_FILE = /home/lebocqt/snap/code/common/.cache/gdk-pixbuf-loaders.cache
# environment
XDG_SESSION_CLASS = user
# environment
VSCODE_AMD_ENTRYPOINT = vs/workbench/services/extensions/node/extensionHostProcess
# environment
GTK2_RC_FILES = /etc/gtk-2.0/gtkrc:/home/lebocqt/.gtkrc-2.0:/home/lebocqt/.config/gtkrc-2.0
# environment
HOME = /home/lebocqt
# environment
ELECTRON_RUN_AS_NODE = 1
# environment
VSCODE_IPC_HOOK = /run/user/1000/vscode-5df0825c-1.61.0-main.sock
# environment
SNAP_NAME = code
# environment
GSETTINGS_SCHEMA_DIR = /snap/code/76/usr/share/glib-2.0/schemas
# environment
XDG_SESSION_ID = 2
# environment
XCURSOR_SIZE = 24
# default
.RECIPEPREFIX := 
# automatic
<F = $(notdir $<)
# environment
SNAP_VERSION = ee8c7def
# default
SUFFIXES := 
# environment
QT_AUTO_SCREEN_SCALE_FACTOR = 0
# environment
VSCODE_CLI = 1
# 'override' directive (from 'makefile', line 12)
object_files = $(sources_files:$(source_directory)/%.c=$(object_directory)/%.o)
# environment
ELECTRON_NO_ATTACH_CONSOLE = 1
 
# environment
SNAP_COMMON = /var/snap/code/common
# environment
KDE_SESSION_VERSION = 5
# default
.FEATURES := target-specific order-only second-expansion else-if shortest-stem undefine oneshell nocomment grouped-target extra-prereqs archives jobserver output-sync check-symlink guile load
# makefile (from 'makefile', line 2)
CC = gcc
# environment
KDE_FULL_SESSION = true
# environment
SNAP_USER_DATA = /home/lebocqt/snap/code/76
# environment
LC_IDENTIFICATION = fr_FR.UTF-8
# environment
SNAP_LIBRARY_PATH = /var/lib/snapd/lib/gl:/var/lib/snapd/lib/gl32:/var/lib/snapd/void
# variable set hash-table stats:
# Load=145/1024=14%, Rehash=0, Collisions=13/187=7%

# Pattern-specific Variable Values

# No pattern-specific variable values.

# Directories

# . (device 65024, inode 10879953): 18 files, no impossibilities.

# 18 files, no impossibilities in 1 directories.

# Implicit Rules

# No implicit rules.

# Files

# Not a target:
lib/menu/menu.c:
#  Implicit rule search has not been done.
#  Modification time never checked.
#  File has not been updated.

# Not a target:
lib/maze/maze.c:
#  Implicit rule search has not been done.
#  Modification time never checked.
#  File has not been updated.

app: app.o lib/menu/menu.c lib/BetterTerminal/betterTerminal.c lib/mazeHandler/mazeHandler.c lib/maze/maze.c lib/mazeDisplay/mazeDisplay.c lib/mazeSolvingAlgorythms/wallFollower/wallFollower.c lib/mazeSolvingAlgorythms/mazeSolvingAlgorythm.c lib/rawTerminal/rawTerminal.c lib/mazeGenerator/mazeGenerator.c
#  Implicit rule search has not been done.
#  Modification time never checked.
#  File has not been updated.
#  recipe to execute (from 'makefile', line 16):
	$(CC) -o app app.o $(object_files) $(LDFLAGS)
	make clean

# Not a target:
lib/mazeDisplay/mazeDisplay.c:
#  Implicit rule search has not been done.
#  Modification time never checked.
#  File has not been updated.

clean:
#  Implicit rule search has not been done.
#  Modification time never checked.
#  File has not been updated.
#  recipe to execute (from 'makefile', line 33):
	rm *.o

# Not a target:
test.c:
#  Implicit rule search has not been done.
#  Modification time never checked.
#  File has not been updated.

# Not a target:
lib/rawTerminal/rawTerminal.c:
#  Implicit rule search has not been done.
#  Modification time never checked.
#  File has not been updated.

# Not a target:
lib/mazeHandler/mazeHandler.c:
#  Implicit rule search has not been done.
#  Modification time never checked.
#  File has not been updated.

# Not a target:
.DEFAULT:
#  Implicit rule search has not been done.
#  Modification time never checked.
#  File has not been updated.

all:
#  Command line target.
#  Implicit rule search has been done.
#  File does not exist.
#  File has been updated.
#  Successfully updated.

# Not a target:
lib/mazeSolvingAlgorythms/mazeSolvingAlgorythm.c:
#  Implicit rule search has not been done.
#  Modification time never checked.
#  File has not been updated.

test: test.o lib/menu/menu.c lib/BetterTerminal/betterTerminal.c lib/mazeHandler/mazeHandler.c lib/maze/maze.c lib/mazeDisplay/mazeDisplay.c lib/mazeSolvingAlgorythms/wallFollower/wallFollower.c lib/mazeSolvingAlgorythms/mazeSolvingAlgorythm.c lib/rawTerminal/rawTerminal.c lib/mazeGenerator/mazeGenerator.c
#  Implicit rule search has not been done.
#  Modification time never checked.
#  File has not been updated.
#  recipe to execute (from 'makefile', line 21):
	$(CC) -lrt -lm -o test test.o $(LIB)minunit/minunit.h $(object_files) $(LDFLAGS)
	make clean

test.o: test.c
#  Implicit rule search has not been done.
#  Modification time never checked.
#  File has not been updated.
#  recipe to execute (from 'makefile', line 26):
	$(CC) test.o -c test.c $(CFLAGS)

# Not a target:
makefile:
#  Implicit rule search has been done.
#  Last modified 2021-10-14 08:39:13.819991236
#  File has been updated.
#  Successfully updated.

# Not a target:
app.c:
#  Implicit rule search has not been done.
#  Modification time never checked.
#  File has not been updated.

# Not a target:
lib/mazeGenerator/mazeGenerator.c:
#  Implicit rule search has not been done.
#  Modification time never checked.
#  File has not been updated.

app.o: app.c
#  Implicit rule search has not been done.
#  Modification time never checked.
#  File has not been updated.
#  recipe to execute (from 'makefile', line 29):
	$(CC) app.o -c app.c $(CFLAGS)

# Not a target:
lib/BetterTerminal/betterTerminal.c:
#  Implicit rule search has not been done.
#  Modification time never checked.
#  File has not been updated.

# Not a target:
lib/mazeSolvingAlgorythms/wallFollower/wallFollower.c:
#  Implicit rule search has not been done.
#  Modification time never checked.
#  File has not been updated.

# files hash-table stats:
# Load=20/1024=2%, Rehash=0, Collisions=0/55=0%
# VPATH Search Paths

# No 'vpath' search paths.

# No general ('VPATH' variable) search path.

# strcache buffers: 1 (0) / strings = 35 / storage = 481 B / avg = 13 B
# current buf: size = 8162 B / used = 481 B / count = 35 / avg = 13 B

# strcache performance: lookups = 61 / hit rate = 42%
# hash-table stats:
# Load=35/8192=0%, Rehash=0, Collisions=0/61=0%
# Finished Make data base on Thu Oct 14 08:50:20 2021

 
